{
  "stats": {
    "suites": 2,
    "tests": 10,
    "passes": 10,
    "pending": 0,
    "failures": 0,
    "start": "2025-10-18T14:09:28.459Z",
    "end": "2025-10-18T14:09:29.843Z",
    "duration": 1384,
    "testsRegistered": 10,
    "passPercent": 100,
    "pendingPercent": 0,
    "other": 0,
    "hasOther": false,
    "skipped": 0,
    "hasSkipped": false
  },
  "results": [
    {
      "uuid": "284d40c2-e2d6-4743-8802-1ebf5febcd52",
      "title": "",
      "fullFile": "",
      "file": "",
      "beforeHooks": [],
      "afterHooks": [],
      "tests": [],
      "suites": [
        {
          "uuid": "45cd8f03-78a1-4266-8b86-07ab5d2679cb",
          "title": "GET API REQUEST TESTS",
          "fullFile": "C:\\Users\\PC\\OneDrive\\Desktop\\JEREMIE\\signup-backend\\api-test\\get_requests.js",
          "file": "\\api-test\\get_requests.js",
          "beforeHooks": [],
          "afterHooks": [],
          "tests": [
            {
              "title": "should fetch all products",
              "fullTitle": "GET API REQUEST TESTS should fetch all products",
              "timedOut": false,
              "duration": 247,
              "state": "passed",
              "speed": "slow",
              "pass": true,
              "fail": false,
              "pending": false,
              "context": null,
              "code": "const res = await axios.get(`${BASE_URL}/products`);\nconsole.log(\"Products fetched:\", res.data);\nexpect(res.status).to.equal(200);\nexpect(res.data).to.be.an(\"array\");",
              "err": {},
              "uuid": "92336ea1-c787-457a-91c3-0a2c73d7d885",
              "parentUUID": "45cd8f03-78a1-4266-8b86-07ab5d2679cb",
              "isHook": false,
              "skipped": false
            },
            {
              "title": "should return 404 for invalid endpoint",
              "fullTitle": "GET API REQUEST TESTS should return 404 for invalid endpoint",
              "timedOut": false,
              "duration": 193,
              "state": "passed",
              "speed": "slow",
              "pass": true,
              "fail": false,
              "pending": false,
              "context": null,
              "code": "try {\n  await axios.get(`${BASE_URL}/invalid-endpoint`);\n} catch (err) {\n  expect(err.response.status).to.equal(404);\n}",
              "err": {},
              "uuid": "d69fe86d-0874-4a18-9602-3f34d33585e7",
              "parentUUID": "45cd8f03-78a1-4266-8b86-07ab5d2679cb",
              "isHook": false,
              "skipped": false
            }
          ],
          "suites": [],
          "passes": [
            "92336ea1-c787-457a-91c3-0a2c73d7d885",
            "d69fe86d-0874-4a18-9602-3f34d33585e7"
          ],
          "failures": [],
          "pending": [],
          "skipped": [],
          "duration": 440,
          "root": false,
          "rootEmpty": false,
          "_timeout": 2000
        },
        {
          "uuid": "dc0efdd2-4919-4db8-bd91-4f299b89c829",
          "title": "POST API REQUEST TESTS",
          "fullFile": "C:\\Users\\PC\\OneDrive\\Desktop\\JEREMIE\\signup-backend\\api-test\\post_requests.js",
          "file": "\\api-test\\post_requests.js",
          "beforeHooks": [],
          "afterHooks": [],
          "tests": [
            {
              "title": "should create a new user successfully",
              "fullTitle": "POST API REQUEST TESTS should create a new user successfully",
              "timedOut": false,
              "duration": 390,
              "state": "passed",
              "speed": "slow",
              "pass": true,
              "fail": false,
              "pending": false,
              "context": null,
              "code": "const user = {\n  name: \"Test User\",\n  email: `testuser_${Date.now()}@example.com`,\n  password: \"password123\",\n};\nconst res = await axios.post(`${BASE_URL}/signup`, user);\nconsole.log(\"User created:\", res.data);\nexpect(res.status).to.equal(201);\nexpect(res.data).to.have.property(\"message\", \"User created\");\nexpect(res.data).to.have.property(\"userId\");",
              "err": {},
              "uuid": "d305ec78-fa7d-4878-a340-b539a23baadd",
              "parentUUID": "dc0efdd2-4919-4db8-bd91-4f299b89c829",
              "isHook": false,
              "skipped": false
            },
            {
              "title": "should fail signup if fields are missing",
              "fullTitle": "POST API REQUEST TESTS should fail signup if fields are missing",
              "timedOut": false,
              "duration": 5,
              "state": "passed",
              "speed": "fast",
              "pass": true,
              "fail": false,
              "pending": false,
              "context": null,
              "code": "try {\n  await axios.post(`${BASE_URL}/signup`, { name: \"No Email\" });\n} catch (err) {\n  expect(err.response.status).to.equal(400);\n  expect(err.response.data).to.have.property(\"message\", \"All fields are required\");\n}",
              "err": {},
              "uuid": "47274c70-773c-4fed-92b8-9fa8742a2f30",
              "parentUUID": "dc0efdd2-4919-4db8-bd91-4f299b89c829",
              "isHook": false,
              "skipped": false
            },
            {
              "title": "should fail signup if email already exists",
              "fullTitle": "POST API REQUEST TESTS should fail signup if email already exists",
              "timedOut": false,
              "duration": 41,
              "state": "passed",
              "speed": "medium",
              "pass": true,
              "fail": false,
              "pending": false,
              "context": null,
              "code": "const user = {\n  name: \"Duplicate User\",\n  email: \"testuser@example.com\",\n  password: \"password123\",\n};\ntry {\n  await axios.post(`${BASE_URL}/signup`, user);\n} catch (err) {\n  expect(err.response.status).to.equal(409);\n  expect(err.response.data).to.have.property(\"message\", \"User already exists\");\n}",
              "err": {},
              "uuid": "b8bb30b3-bc39-47f8-9f2a-b8280d620eb3",
              "parentUUID": "dc0efdd2-4919-4db8-bd91-4f299b89c829",
              "isHook": false,
              "skipped": false
            },
            {
              "title": "should login successfully with correct credentials",
              "fullTitle": "POST API REQUEST TESTS should login successfully with correct credentials",
              "timedOut": false,
              "duration": 148,
              "state": "passed",
              "speed": "slow",
              "pass": true,
              "fail": false,
              "pending": false,
              "context": null,
              "code": "const res = await axios.post(`${BASE_URL}/login`, {\n  email: \"testuser@example.com\",\n  password: \"password123\",\n});\nconsole.log(\"Login success:\", res.data);\nexpect(res.status).to.equal(200);\nexpect(res.data).to.have.property(\"message\", \"Login successful\");\nexpect(res.data).to.have.property(\"userId\");",
              "err": {},
              "uuid": "69960123-8d4e-45e7-b0a9-4a05f6436a4f",
              "parentUUID": "dc0efdd2-4919-4db8-bd91-4f299b89c829",
              "isHook": false,
              "skipped": false
            },
            {
              "title": "should fail login with wrong password",
              "fullTitle": "POST API REQUEST TESTS should fail login with wrong password",
              "timedOut": false,
              "duration": 169,
              "state": "passed",
              "speed": "slow",
              "pass": true,
              "fail": false,
              "pending": false,
              "context": null,
              "code": "try {\n  await axios.post(`${BASE_URL}/login`, {\n    email: \"testuser@example.com\",\n    password: \"wrongpass\",\n  });\n} catch (err) {\n  expect(err.response.status).to.equal(401);\n  expect(err.response.data).to.have.property(\"message\", \"Invalid email or password\");\n}",
              "err": {},
              "uuid": "6f4112d1-83df-4852-a95b-12c65329852a",
              "parentUUID": "dc0efdd2-4919-4db8-bd91-4f299b89c829",
              "isHook": false,
              "skipped": false
            },
            {
              "title": "should fail login if email does not exist",
              "fullTitle": "POST API REQUEST TESTS should fail login if email does not exist",
              "timedOut": false,
              "duration": 45,
              "state": "passed",
              "speed": "medium",
              "pass": true,
              "fail": false,
              "pending": false,
              "context": null,
              "code": "try {\n  await axios.post(`${BASE_URL}/login`, {\n    email: \"nouser@example.com\",\n    password: \"password123\",\n  });\n} catch (err) {\n  expect(err.response.status).to.equal(401);\n  expect(err.response.data).to.have.property(\"message\", \"Invalid email or password\");\n}",
              "err": {},
              "uuid": "aedc57cf-e96b-428d-b501-424e8302eccc",
              "parentUUID": "dc0efdd2-4919-4db8-bd91-4f299b89c829",
              "isHook": false,
              "skipped": false
            },
            {
              "title": "should fail login if fields are missing",
              "fullTitle": "POST API REQUEST TESTS should fail login if fields are missing",
              "timedOut": false,
              "duration": 21,
              "state": "passed",
              "speed": "fast",
              "pass": true,
              "fail": false,
              "pending": false,
              "context": null,
              "code": "try {\n  await axios.post(`${BASE_URL}/login`, { email: \"testuser@example.com\" });\n} catch (err) {\n  expect(err.response.status).to.equal(400);\n  expect(err.response.data).to.have.property(\"message\", \"Email and password are required\");\n}",
              "err": {},
              "uuid": "ac05cb25-20f6-4624-9beb-0036e396e44e",
              "parentUUID": "dc0efdd2-4919-4db8-bd91-4f299b89c829",
              "isHook": false,
              "skipped": false
            },
            {
              "title": "should add a new product",
              "fullTitle": "POST API REQUEST TESTS should add a new product",
              "timedOut": false,
              "duration": 83,
              "state": "passed",
              "speed": "slow",
              "pass": true,
              "fail": false,
              "pending": false,
              "context": null,
              "code": "const product = { name: \"Test Product\", price: 99.99, stock: 10 };\nconst res = await axios.post(`${BASE_URL}/products`, product);\nconsole.log(\"Product added:\", res.data);\nexpect(res.status).to.equal(201);\nexpect(res.data).to.have.property(\"message\", \"Product added\");\nexpect(res.data).to.have.property(\"productId\");",
              "err": {},
              "uuid": "194dd37c-00c1-4713-9d4b-e2670b632cf3",
              "parentUUID": "dc0efdd2-4919-4db8-bd91-4f299b89c829",
              "isHook": false,
              "skipped": false
            }
          ],
          "suites": [],
          "passes": [
            "d305ec78-fa7d-4878-a340-b539a23baadd",
            "47274c70-773c-4fed-92b8-9fa8742a2f30",
            "b8bb30b3-bc39-47f8-9f2a-b8280d620eb3",
            "69960123-8d4e-45e7-b0a9-4a05f6436a4f",
            "6f4112d1-83df-4852-a95b-12c65329852a",
            "aedc57cf-e96b-428d-b501-424e8302eccc",
            "ac05cb25-20f6-4624-9beb-0036e396e44e",
            "194dd37c-00c1-4713-9d4b-e2670b632cf3"
          ],
          "failures": [],
          "pending": [],
          "skipped": [],
          "duration": 902,
          "root": false,
          "rootEmpty": false,
          "_timeout": 2000
        }
      ],
      "passes": [],
      "failures": [],
      "pending": [],
      "skipped": [],
      "duration": 0,
      "root": true,
      "rootEmpty": true,
      "_timeout": 2000
    }
  ],
  "meta": {
    "mocha": {
      "version": "11.7.4"
    },
    "mochawesome": {
      "options": {
        "quiet": false,
        "reportFilename": "mochawesome",
        "saveHtml": true,
        "saveJson": true,
        "consoleReporter": "spec",
        "useInlineDiffs": false,
        "code": true
      },
      "version": "7.1.4"
    },
    "marge": {
      "options": null,
      "version": "6.3.0"
    }
  }
}